@@@@@@@@@@@@@@@@@@@@@@@@@@@@@@@@@@@@@
20190826-121141 Database Server Start!
@@@@@@@@@@@@@@@@@@@@@@@@@@@@@@@@@@@@@
20190826-121141 : Server is working normally!
20190826-121241 : server restart
20190826-121241 : server restart complete
20190826-121247 : Server is working normally!
20190826-121347 : Server is working normally!
20190826-121447 : Server is working normally!
20190826-121547 : Server is working normally!
20190826-121647 : Server is working normally!
20190826-121747 : Server is working normally!
20190826-121847 : Server is working normally!
20190826-121947 : Server is working normally!
20190826-122047 : Server is working normally!
20190826-122147 : Server is working normally!
20190826-122247 : Server is working normally!
20190826-122347 : Server is working normally!
20190826-122447 : Server is working normally!
20190826-122547 : Server is working normally!
20190826-122647 : Server is working normally!
20190826-122747 : server restart
20190826-122747 : server restart complete
20190826-122752 : Server is working normally!
20190826-122852 : Server is working normally!
20190826-122952 : Server is working normally!
20190826-123052 : Server is working normally!
20190826-123152 : Server is working normally!
20190826-123252 : Server is working normally!
20190826-123352 : Server is working normally!
20190826-123452 : Server is working normally!
20190826-123552 : Server is working normally!
20190826-123652 : Server is working normally!
20190826-123752 : Server is working normally!
20190826-123852 : Server is working normally!
20190826-123952 : Server is working normally!
20190826-124052 : Server is working normally!
20190826-124152 : Server is working normally!
20190826-124252 : Server is working normally!
20190826-124352 : Server is working normally!
20190826-124452 : Server is working normally!
20190826-124552 : Server is working normally!
20190826-124652 : Server is working normally!
20190826-124726 : server restart
20190826-124726 : server restart complete
20190826-124731 : Server is working normally!
